<?xml version="1.0" encoding="UTF-8"?>
<!-- Generated by org.testng.reporters.JUnitXMLReporter -->
<testsuite ignored="0" hostname="DESKTOP-1B17E07" failures="0" tests="14" name="Test" time="25.975" errors="0" timestamp="2024-02-05T19:28:15 IST">
  <testcase classname="TestNG_Examples.TestNG_EX5" name="test1" time="0.004"/>
  <testcase classname="TestNG_Examples.TestNG_EX5" name="test2" time="0.001"/>
  <testcase classname="TestNG_Examples.TestNG_EX4" name="test1" time="0.001"/>
  <testcase classname="TestNG_Examples.TestNG_EX4" name="test2" time="0.004"/>
  <testcase classname="TestNG_Examples.TestNG_Ex6" name="main3" time="0.002"/>
  <testcase classname="TestNG_Examples.TestNG_Ex6" name="main" time="0.004"/>
  <testcase classname="TestNG_Examples.TestNG_Ex6" name="main2" time="0.001"/>
  <testcase classname="TestNG_Examples.Login_Functionality" name="login" time="22.374"/>
  <testcase classname="TestNG_Examples.Login_Functionality" name="url" time="0.009"/>
  <testcase classname="TestNG_Examples.TestNG_Ex1" name="test" time="0.006"/>
  <testcase classname="TestNG_Examples.TestNg_Ex3" name="test1" time="0.001"/>
  <testcase classname="TestNG_Examples.TestNg_Ex3" name="test2" time="0.001"/>
  <testcase classname="TestNG_Examples.TestNG_Ex2" name="test1" time="0.002"/>
  <testcase classname="TestNG_Examples.TestNG_Ex2" name="test2" time="0.001"/>
</testsuite> <!-- Test -->
