<?xml version="1.0" encoding="UTF-8"?>
<testng-results ignored="0" total="1" passed="1" failed="0" skipped="0">
  <reporter-output>
  </reporter-output>
  <suite started-at="2024-02-06T19:47:12 IST" name="Default suite" finished-at="2024-02-06T19:47:23 IST" duration-ms="11591">
    <groups>
    </groups>
    <test started-at="2024-02-06T19:47:12 IST" name="Default test" finished-at="2024-02-06T19:47:23 IST" duration-ms="11591">
      <class name="Data_Driven_Framework.Login_Functionality">
        <test-method is-config="true" signature="launch()[pri:0, instance:Data_Driven_Framework.Login_Functionality@18df8434]" started-at="2024-02-06T19:47:12 IST" name="launch" finished-at="2024-02-06T19:47:15 IST" duration-ms="3148" status="PASS">
          <reporter-output>
          </reporter-output>
        </test-method> <!-- launch -->
        <test-method signature="login()[pri:0, instance:Data_Driven_Framework.Login_Functionality@18df8434]" started-at="2024-02-06T19:47:15 IST" name="login" finished-at="2024-02-06T19:47:23 IST" duration-ms="8231" status="PASS">
          <reporter-output>
          </reporter-output>
        </test-method> <!-- login -->
        <test-method is-config="true" signature="logout()[pri:0, instance:Data_Driven_Framework.Login_Functionality@18df8434]" started-at="2024-02-06T19:47:23 IST" name="logout" finished-at="2024-02-06T19:47:23 IST" duration-ms="154" status="PASS">
          <reporter-output>
          </reporter-output>
        </test-method> <!-- logout -->
      </class> <!-- Data_Driven_Framework.Login_Functionality -->
    </test> <!-- Default test -->
  </suite> <!-- Default suite -->
</testng-results>
